### Starting TaskPrologue of job 3255890 on a0124 at Sun Dec 28 23:07:46 CET 2025
Running on cores 80-95 with governor ondemand
Sun Dec 28 23:07:46 2025       
+-----------------------------------------------------------------------------------------+
| NVIDIA-SMI 580.105.08             Driver Version: 580.105.08     CUDA Version: 13.0     |
+-----------------------------------------+------------------------+----------------------+
| GPU  Name                 Persistence-M | Bus-Id          Disp.A | Volatile Uncorr. ECC |
| Fan  Temp   Perf          Pwr:Usage/Cap |           Memory-Usage | GPU-Util  Compute M. |
|                                         |                        |               MIG M. |
|=========================================+========================+======================|
|   0  NVIDIA A40                     On  |   00000000:A1:00.0 Off |                  Off |
|  0%   32C    P8             22W /  300W |       0MiB /  49140MiB |      0%      Default |
|                                         |                        |                  N/A |
+-----------------------------------------+------------------------+----------------------+

+-----------------------------------------------------------------------------------------+
| Processes:                                                                              |
|  GPU   GI   CI              PID   Type   Process name                        GPU Memory |
|        ID   ID                                                               Usage      |
|=========================================================================================|
|  No running processes found                                                             |
+-----------------------------------------------------------------------------------------+
### Finished TaskPrologue

=== START ===
Sun Dec 28 23:07:46 CET 2025
a0124.nhr.fau.de
PYTHON=/home/hpc/v121ca/v121ca21/.conda/envs/thesis/bin/python
Python 3.13.9
=== NVIDIA-SMI BEFORE ===
Sun Dec 28 23:07:46 2025       
+-----------------------------------------------------------------------------------------+
| NVIDIA-SMI 580.105.08             Driver Version: 580.105.08     CUDA Version: 13.0     |
+-----------------------------------------+------------------------+----------------------+
| GPU  Name                 Persistence-M | Bus-Id          Disp.A | Volatile Uncorr. ECC |
| Fan  Temp   Perf          Pwr:Usage/Cap |           Memory-Usage | GPU-Util  Compute M. |
|                                         |                        |               MIG M. |
|=========================================+========================+======================|
|   0  NVIDIA A40                     On  |   00000000:A1:00.0 Off |                  Off |
|  0%   32C    P0             22W /  300W |       0MiB /  49140MiB |      0%      Default |
|                                         |                        |                  N/A |
+-----------------------------------------+------------------------+----------------------+

+-----------------------------------------------------------------------------------------+
| Processes:                                                                              |
|  GPU   GI   CI              PID   Type   Process name                        GPU Memory |
|        ID   ID                                                               Usage      |
|=========================================================================================|
|  No running processes found                                                             |
+-----------------------------------------------------------------------------------------+
HF_HOME: /home/vault/v121ca/v121ca21/hf_cache
cuda available: True
device count: 1
=== JOB_STATISTICS ===
=== current date     : Sun Dec 28 23:28:03 CET 2025
= Job-ID             : 3255890 on alex
= Job-Name           : mistral_smoke
= Job-Command        : /home/hpc/v121ca/v121ca21/thesis_adapt/jobs/mistral_smoke.sbatch
= Initial workdir    : /home/hpc/v121ca/v121ca21
= Queue/Partition    : a40
= Slurm account      : v121ca with QOS=normal
= Requested resources:  for 00:20:00
= Elapsed runtime    : 00:20:17
= Total RAM usage    : 1.1 GiB of assigned  GiB (%)
= Node list          : a0124
= Subm/Elig/Start/End: 2025-12-28T23:07:27 / 2025-12-28T23:07:27 / 2025-12-28T23:07:43 / 2025-12-28T23:28:00
======================
=== Quota infos ======
    Path              Used     SoftQ    HardQ    Gracetime  Filec    FileQ    FiHaQ    FileGrace    
    /home/hpc           80.7G   104.9G   209.7G        N/A     125K     500K   1,000K        N/A    
    /home/vault         23.6G  1048.6G  2097.2G        N/A     252      200K     400K        N/A    
    atuin.rrze.uni-erlangen.de:/srv/home     0.0K     0.0K     0.0K        N/A       1                           N/A    
======================
=== GPU utilization ==
gpu_name, gpu_bus_id, pid, gpu_utilization [%], mem_utilization [%], max_memory_usage [MiB], time [ms]
